<?xml version="1.0" encoding="UTF-8"?>
<!-- Generated by org.testng.reporters.JUnitXMLReporter -->
<testsuite ignored="3" hostname="DESKTOP-TCC86SQ" failures="0" tests="4" name="Default test" time="31.99" errors="0" timestamp="2024-04-16T14:28:49 TRT">
  <testcase classname="saucePackage.SauceTestCases" name="myLogin" time="7.873"/>
  <testcase classname="saucePackage.SauceTestCases" name="FilterItem" time="2.232"/>
  <testcase classname="saucePackage.SauceTestCases" name="addFirstandLastItem" time="6.412"/>
  <testcase classname="saucePackage.SauceTestCases" name="checkOutProcessTwo" time="12.161"/>
  <testcase classname="saucePackage.SauceTestCases" name="logoutProcess" time="0.0">
    <ignored/>
  </testcase> <!-- logoutProcess -->
  <testcase classname="saucePackage.SauceTestCases" name="checkOutProcess" time="0.0">
    <ignored/>
  </testcase> <!-- checkOutProcess -->
  <testcase classname="saucePackage.SauceTestCases" name="addTwoRandIItem" time="0.0">
    <ignored/>
  </testcase> <!-- addTwoRandIItem -->
</testsuite> <!-- Default test -->
